<?xml version="1.0" encoding="UTF-8"?>
<!-- Generated by org.testng.reporters.JUnitReportReporter -->
<testsuite hostname="AAAW46ZLPC0508" failures="0" tests="1" name="com.eCommerce.tests.TestLogin" time="27.621" errors="0" timestamp="2022-09-06T17:29:25 IST" skipped="0">
  <testcase classname="com.eCommerce.tests.TestLogin" name="TestLoginpage" time="27.621"/>
  <system-out/>
</testsuite> <!-- com.eCommerce.tests.TestLogin -->
