<?xml version="1.0" encoding="UTF-8"?>
<!-- Generated by org.testng.reporters.JUnitReportReporter -->
<testsuite hostname="AAAW46ZLPC0508" failures="0" tests="1" name="com.eCommerce.tests.TestPurchaseProduct" time="66.443" errors="0" timestamp="2022-09-06T16:59:22 IST" skipped="0">
  <testcase classname="com.eCommerce.tests.TestPurchaseProduct" name="purchaseproduct" time="66.443"/>
  <system-out/>
</testsuite> <!-- com.eCommerce.tests.TestPurchaseProduct -->
