<?xml version="1.0" encoding="UTF-8"?>
<!-- Generated by org.testng.reporters.JUnitReportReporter -->
<testsuite hostname="AAAW46ZLPC0508" failures="0" tests="1" name="com.eCommerce.tests.TestCreateCutomerAcct" time="25.345" errors="0" timestamp="2022-09-01T16:35:16 IST" skipped="0">
  <testcase classname="com.eCommerce.tests.TestCreateCutomerAcct" name="createAcct" time="25.345"/>
  <system-out/>
</testsuite> <!-- com.eCommerce.tests.TestCreateCutomerAcct -->
